g:\study_qt\protobuf_3_0\protobuf_3_0\debug\qrc_protobuf_3_0.obj
g:\study_qt\protobuf_3_0\protobuf_3_0\debug\moc_protobuf_3_0.obj
g:\study_qt\protobuf_3_0\protobuf_3_0\debug\main.obj
g:\study_qt\protobuf_3_0\protobuf_3_0\generatedfiles\debug\moc_protobuf_3_0.cpp
g:\study_qt\protobuf_3_0\protobuf_3_0\generatedfiles\qrc_protobuf_3_0.cpp
g:\study_qt\protobuf_3_0\protobuf_3_0\generatedfiles\ui_protobuf_3_0.h
g:\study_qt\protobuf_3_0\protobuf_3_0\.\generatedfiles\debug\moc_protobuf_3_0.cpp
g:\study_qt\protobuf_3_0\protobuf_3_0\.\generatedfiles\qrc_protobuf_3_0.cpp
g:\study_qt\protobuf_3_0\protobuf_3_0\.\generatedfiles\ui_protobuf_3_0.h
g:\study_qt\protobuf_3_0\protobuf_3_0\debug\vc140.pdb
g:\study_qt\protobuf_3_0\protobuf_3_0\debug\protobuf_3_0.tlog\cl.command.1.tlog
g:\study_qt\protobuf_3_0\protobuf_3_0\debug\protobuf_3_0.tlog\cl.read.1.tlog
g:\study_qt\protobuf_3_0\protobuf_3_0\debug\protobuf_3_0.tlog\cl.write.1.tlog
g:\study_qt\protobuf_3_0\protobuf_3_0\debug\protobuf_3_0.tlog\protobuf_3_0.write.1u.tlog
g:\study_qt\protobuf_3_0\protobuf_3_0\debug\protobuf_3_0.tlog\qtmoc.read.1u.tlog
g:\study_qt\protobuf_3_0\protobuf_3_0\debug\protobuf_3_0.tlog\qtmoc.write.1u.tlog
g:\study_qt\protobuf_3_0\protobuf_3_0\debug\protobuf_3_0.tlog\qtrcc.read.1u.tlog
g:\study_qt\protobuf_3_0\protobuf_3_0\debug\protobuf_3_0.tlog\qtrcc.write.1u.tlog
g:\study_qt\protobuf_3_0\protobuf_3_0\debug\protobuf_3_0.tlog\qtuic.read.1u.tlog
g:\study_qt\protobuf_3_0\protobuf_3_0\debug\protobuf_3_0.tlog\qtuic.write.1u.tlog
